Using pre-set license
Built from '2020.2/staging' branch; Version is '2020.2.6f1 (8a2143876886) revision 9052483'; Using compiler version '192528614'; Build Type 'Release'
OS: 'Windows 10 Home; OS build 19043.1237; Version 2009; 64bit' Language: 'pt' Physical Memory: 16298 MB
BatchMode: 1, IsHumanControllingUs: 0, StartBugReporterOnCrash: 0, Is64bit: 1, IsPro: 0

 COMMAND LINE ARGUMENTS:
C:\Program Files\Unity\Hub\Editor\2020.2.6f1\Editor\Unity.exe
-adb2
-batchMode
-noUpm
-name
AssetImportWorker0
-projectPath
C:/Users/Leandro/Documents/GitHub/CubesCollector
-logFile
Logs/AssetImportWorker0.log
-srvPort
57364
Successfully changed project path to: C:/Users/Leandro/Documents/GitHub/CubesCollector
C:/Users/Leandro/Documents/GitHub/CubesCollector
Using Asset Import Pipeline V2.
Refreshing native plugins compatible for Editor in 32.01 ms, found 0 plugins.
Preloading 0 native plugins for Editor in 0.00 ms.
Initialize engine version: 2020.2.6f1 (8a2143876886)
[Subsystems] Discovering subsystems at path C:/Program Files/Unity/Hub/Editor/2020.2.6f1/Editor/Data/Resources/UnitySubsystems
[Subsystems] Discovering subsystems at path C:/Users/Leandro/Documents/GitHub/CubesCollector/Assets
GfxDevice: creating device client; threaded=0
Direct3D:
    Version:  Direct3D 11.0 [level 11.1]
    Renderer: NVIDIA GeForce RTX 2070 SUPER (ID=0x1e84)
    Vendor:   
    VRAM:     8011 MB
    Driver:   30.0.14.7196
Initialize mono
Mono path[0] = 'C:/Program Files/Unity/Hub/Editor/2020.2.6f1/Editor/Data/Managed'
Mono path[1] = 'C:/Program Files/Unity/Hub/Editor/2020.2.6f1/Editor/Data/MonoBleedingEdge/lib/mono/unityjit'
Mono config path = 'C:/Program Files/Unity/Hub/Editor/2020.2.6f1/Editor/Data/MonoBleedingEdge/etc'
Using monoOptions --debugger-agent=transport=dt_socket,embedding=1,server=y,suspend=n,address=127.0.0.1:56436
Begin MonoManager ReloadAssembly
Registering precompiled unity dll's ...
Register platform support module: C:/Program Files/Unity/Hub/Editor/2020.2.6f1/Editor/Data/PlaybackEngines/WindowsStandaloneSupport/UnityEditor.WindowsStandalone.Extensions.dll
Registered in 0.001481 seconds.
Native extension for WindowsStandalone target not found
Refreshing native plugins compatible for Editor in 29.14 ms, found 0 plugins.
Preloading 0 native plugins for Editor in 0.00 ms.
Invoked RoslynAnalysisRunner static constructor.
RoslynAnalysisRunner will not be running.
RoslynAnalysisRunner has terminated.
Mono: successfully reloaded assembly
- Completed reload, in  1.567 seconds
Platform modules already initialized, skipping
Registering precompiled user dll's ...
Registered in 0.001444 seconds.
Begin MonoManager ReloadAssembly
Native extension for WindowsStandalone target not found
Refreshing native plugins compatible for Editor in 0.35 ms, found 0 plugins.
Preloading 0 native plugins for Editor in 0.00 ms.
Invoked RoslynAnalysisRunner static constructor.
RoslynAnalysisRunner will not be running.
RoslynAnalysisRunner has terminated.
Mono: successfully reloaded assembly
- Completed reload, in  0.680 seconds
Platform modules already initialized, skipping
========================================================================
Worker process is ready to serve import requests
Launched and connected shader compiler UnityShaderCompiler.exe after 0.03 seconds
Refreshing native plugins compatible for Editor in 0.34 ms, found 0 plugins.
Preloading 0 native plugins for Editor in 0.00 ms.
Unloading 1417 Unused Serialized files (Serialized files now loaded: 0)
System memory in use before: 66.5 MB.
System memory in use after: 66.6 MB.

Unloading 33 unused Assets to reduce memory usage. Loaded Objects now: 1846.
Total: 1.804100 ms (FindLiveObjects: 0.198500 ms CreateObjectMapping: 0.030600 ms MarkObjects: 1.508900 ms  DeleteObjects: 0.064700 ms)

========================================================================
Received Import Request.
  path: Assets/Scenes
  artifactKey: Guid(f47a0660d2ca17d449f5c49c268a6460) Importer(815301076,1909f56bfc062723c751e8b465ee728b)
Start importing Assets/Scenes using Guid(f47a0660d2ca17d449f5c49c268a6460) Importer(815301076,1909f56bfc062723c751e8b465ee728b)  -> (artifact id: '6d87412912265c27d938cc3737b87431') in 0.003777 seconds
  Import took 0.005515 seconds .

========================================================================
Received Import Request.
  Time since last request: 0.000119 seconds.
  path: Assets/Resources
  artifactKey: Guid(1454bdd2329b3364b92a27c54cb56fed) Importer(815301076,1909f56bfc062723c751e8b465ee728b)
Start importing Assets/Resources using Guid(1454bdd2329b3364b92a27c54cb56fed) Importer(815301076,1909f56bfc062723c751e8b465ee728b)  -> (artifact id: 'ce61dd1cf1c75719fb71c6bf83e7f2a1') in 0.001353 seconds
  Import took 0.002699 seconds .

========================================================================
Received Import Request.
  Time since last request: 0.000073 seconds.
  path: Assets/Resources/Font
  artifactKey: Guid(052826894d4c72748b8e1f834587026e) Importer(815301076,1909f56bfc062723c751e8b465ee728b)
Start importing Assets/Resources/Font using Guid(052826894d4c72748b8e1f834587026e) Importer(815301076,1909f56bfc062723c751e8b465ee728b)  -> (artifact id: '24ed6dcf767ab7a539623efc49150a63') in 0.001387 seconds
  Import took 0.002703 seconds .

========================================================================
Received Import Request.
  Time since last request: 0.000088 seconds.
  path: Assets/Resources/Font/TMP_BebasNeue.asset
  artifactKey: Guid(00b0bc3b47aaa504a9d833d0e94b8970) Importer(815301076,1909f56bfc062723c751e8b465ee728b)
Start importing Assets/Resources/Font/TMP_BebasNeue.asset using Guid(00b0bc3b47aaa504a9d833d0e94b8970) Importer(815301076,1909f56bfc062723c751e8b465ee728b)  -> (artifact id: '19e0bdbc31914893b36d67eb4c5c83e6') in 0.096335 seconds
  Import took 0.098091 seconds .

========================================================================
Received Prepare
Registering precompiled user dll's ...
Registered in 0.001394 seconds.
Begin MonoManager ReloadAssembly
Native extension for WindowsStandalone target not found
Refreshing native plugins compatible for Editor in 0.35 ms, found 0 plugins.
Preloading 0 native plugins for Editor in 0.00 ms.
Invoked RoslynAnalysisRunner static constructor.
RoslynAnalysisRunner will not be running.
RoslynAnalysisRunner has terminated.
Mono: successfully reloaded assembly
- Completed reload, in  0.664 seconds
Platform modules already initialized, skipping
Switching build target platform(5) subTarget(0) extendedPlatform(0) -> platform(13) subTarget(589824) extendedPlatform(0)
Refreshing native plugins compatible for Editor in 0.38 ms, found 0 plugins.
Preloading 0 native plugins for Editor in 0.00 ms.
Unloading 1401 Unused Serialized files (Serialized files now loaded: 0)
System memory in use before: 68.5 MB.
System memory in use after: 68.7 MB.

Unloading 24 unused Assets to reduce memory usage. Loaded Objects now: 1890.
Total: 1.396500 ms (FindLiveObjects: 0.127600 ms CreateObjectMapping: 0.032100 ms MarkObjects: 1.222700 ms  DeleteObjects: 0.013300 ms)

AssetImportParameters requested are different than current active one (requested -> active):
  custom:graphics/normal-map-encoding: 01000000000000000000000000000000 -> 02000000000000000000000000000000
========================================================================
Received Import Request.
  Time since last request: 1019.532111 seconds.
  path: Assets/Resources/New Folder
  artifactKey: Guid(16bbf79a34dd899459b5d880dbefa89b) Importer(815301076,1909f56bfc062723c751e8b465ee728b)
Start importing Assets/Resources/New Folder using Guid(16bbf79a34dd899459b5d880dbefa89b) Importer(815301076,1909f56bfc062723c751e8b465ee728b)  -> (artifact id: 'df077c0c725913aca52bd2f485e669c5') in 0.003747 seconds
  Import took 0.005772 seconds .

========================================================================
Received Import Request.
  Time since last request: 1.637357 seconds.
  path: Assets/Resources/UI
  artifactKey: Guid(16bbf79a34dd899459b5d880dbefa89b) Importer(815301076,1909f56bfc062723c751e8b465ee728b)
Start importing Assets/Resources/UI using Guid(16bbf79a34dd899459b5d880dbefa89b) Importer(815301076,1909f56bfc062723c751e8b465ee728b)  -> (artifact id: 'e3f88e872326370c9a75a3087b456060') in 0.002118 seconds
  Import took 0.004026 seconds .

========================================================================
Received Import Request.
  Time since last request: 78.093863 seconds.
  path: Assets/Resources/UI/Arrow.png
  artifactKey: Guid(3cb683fa9f46ea547a3136a4129c8767) Importer(815301076,1909f56bfc062723c751e8b465ee728b)
Start importing Assets/Resources/UI/Arrow.png using Guid(3cb683fa9f46ea547a3136a4129c8767) Importer(815301076,1909f56bfc062723c751e8b465ee728b)  -> (artifact id: '02c8154277b727da12727e598c3482d8') in 0.049079 seconds
  Import took 0.051120 seconds .

========================================================================
Received Import Request.
  Time since last request: 0.000137 seconds.
  path: Assets/Resources/UI/soundOn.png
  artifactKey: Guid(6da7e6764a4ffe14eb70c603abb401d6) Importer(815301076,1909f56bfc062723c751e8b465ee728b)
Start importing Assets/Resources/UI/soundOn.png using Guid(6da7e6764a4ffe14eb70c603abb401d6) Importer(815301076,1909f56bfc062723c751e8b465ee728b)  -> (artifact id: 'e8af97c760ed3b993e5a6b4b7b46cb90') in 0.005331 seconds
  Import took 0.007164 seconds .

========================================================================
Received Import Request.
  Time since last request: 0.000125 seconds.
  path: Assets/Resources/UI/RELOAD.png
  artifactKey: Guid(6b9f42a49f3d5194b965c6a07e6b5e90) Importer(815301076,1909f56bfc062723c751e8b465ee728b)
Start importing Assets/Resources/UI/RELOAD.png using Guid(6b9f42a49f3d5194b965c6a07e6b5e90) Importer(815301076,1909f56bfc062723c751e8b465ee728b)  -> (artifact id: '32b2b283ccfa57a2bee3b33e8948c4b6') in 0.005347 seconds
  Import took 0.007044 seconds .

========================================================================
Received Import Request.
  Time since last request: 0.000156 seconds.
  path: Assets/Resources/UI/vibrationOff.png
  artifactKey: Guid(2780f5ca95300084c8ec97e93390afba) Importer(815301076,1909f56bfc062723c751e8b465ee728b)
Start importing Assets/Resources/UI/vibrationOff.png using Guid(2780f5ca95300084c8ec97e93390afba) Importer(815301076,1909f56bfc062723c751e8b465ee728b)  -> (artifact id: 'a6628c1d90e03d1af093ec8828ab35b0') in 0.005119 seconds
  Import took 0.006838 seconds .

========================================================================
Received Import Request.
  Time since last request: 0.000133 seconds.
  path: Assets/Resources/UI/vibrationOn.png
  artifactKey: Guid(d731cbb2a5f33d843a4c1afd9533ed39) Importer(815301076,1909f56bfc062723c751e8b465ee728b)
Start importing Assets/Resources/UI/vibrationOn.png using Guid(d731cbb2a5f33d843a4c1afd9533ed39) Importer(815301076,1909f56bfc062723c751e8b465ee728b)  -> (artifact id: '7d31c7f209b8520f7e82ba5be396eb4c') in 0.004982 seconds
  Import took 0.006752 seconds .

========================================================================
Received Import Request.
  Time since last request: 0.000129 seconds.
  path: Assets/Resources/UI/settings.png
  artifactKey: Guid(3714e777f2cc3ec4bb2155768ea65a7c) Importer(815301076,1909f56bfc062723c751e8b465ee728b)
Start importing Assets/Resources/UI/settings.png using Guid(3714e777f2cc3ec4bb2155768ea65a7c) Importer(815301076,1909f56bfc062723c751e8b465ee728b)  -> (artifact id: '3ec60b357b74eda7bc06e11022155d13') in 0.005653 seconds
  Import took 0.007799 seconds .

========================================================================
Received Import Request.
  Time since last request: 0.000173 seconds.
  path: Assets/Resources/UI/back.png
  artifactKey: Guid(5ecb16d5162bf5941ab8e7c5167daba0) Importer(815301076,1909f56bfc062723c751e8b465ee728b)
Start importing Assets/Resources/UI/back.png using Guid(5ecb16d5162bf5941ab8e7c5167daba0) Importer(815301076,1909f56bfc062723c751e8b465ee728b)  -> (artifact id: 'f96020862645abc352a573875c24fba7') in 0.005524 seconds
  Import took 0.007618 seconds .

========================================================================
Received Import Request.
  Time since last request: 0.000154 seconds.
  path: Assets/Resources/UI/soundOff.png
  artifactKey: Guid(179ec9586c788014f8d525a6c8787f8b) Importer(815301076,1909f56bfc062723c751e8b465ee728b)
Start importing Assets/Resources/UI/soundOff.png using Guid(179ec9586c788014f8d525a6c8787f8b) Importer(815301076,1909f56bfc062723c751e8b465ee728b)  -> (artifact id: '85d93328385e624f24ba7bfc7addfb53') in 0.005490 seconds
  Import took 0.007581 seconds .

========================================================================
Received Import Request.
  Time since last request: 0.000137 seconds.
  path: Assets/Resources/UI/avance.png
  artifactKey: Guid(df93ef0acbd0f0e499883e020fe10a83) Importer(815301076,1909f56bfc062723c751e8b465ee728b)
Start importing Assets/Resources/UI/avance.png using Guid(df93ef0acbd0f0e499883e020fe10a83) Importer(815301076,1909f56bfc062723c751e8b465ee728b)  -> (artifact id: '42ff0e7073ac1a42441531966f0a9015') in 0.005269 seconds
  Import took 0.007008 seconds .

========================================================================
Received Import Request.
  Time since last request: 6.444159 seconds.
  path: Assets/Resources/UI/Arrow.png
  artifactKey: Guid(3cb683fa9f46ea547a3136a4129c8767) Importer(815301076,1909f56bfc062723c751e8b465ee728b)
Start importing Assets/Resources/UI/Arrow.png using Guid(3cb683fa9f46ea547a3136a4129c8767) Importer(815301076,1909f56bfc062723c751e8b465ee728b)  -> (artifact id: '16814e0a0566a779452ae89e588d7633') in 0.017154 seconds
  Import took 0.019233 seconds .

========================================================================
Received Import Request.
  Time since last request: 0.000149 seconds.
  path: Assets/Resources/UI/soundOn.png
  artifactKey: Guid(6da7e6764a4ffe14eb70c603abb401d6) Importer(815301076,1909f56bfc062723c751e8b465ee728b)
Start importing Assets/Resources/UI/soundOn.png using Guid(6da7e6764a4ffe14eb70c603abb401d6) Importer(815301076,1909f56bfc062723c751e8b465ee728b)  -> (artifact id: '01fa5ceb8bb278a0b9b7c2beedcd2cb6') in 0.008158 seconds
  Import took 0.009951 seconds .

========================================================================
Received Import Request.
  Time since last request: 0.000166 seconds.
  path: Assets/Resources/UI/RELOAD.png
  artifactKey: Guid(6b9f42a49f3d5194b965c6a07e6b5e90) Importer(815301076,1909f56bfc062723c751e8b465ee728b)
Start importing Assets/Resources/UI/RELOAD.png using Guid(6b9f42a49f3d5194b965c6a07e6b5e90) Importer(815301076,1909f56bfc062723c751e8b465ee728b)  -> (artifact id: '8136ac5efb1d863cb5804f1574677db2') in 0.006118 seconds
  Import took 0.007883 seconds .

========================================================================
Received Import Request.
  Time since last request: 0.000151 seconds.
  path: Assets/Resources/UI/vibrationOff.png
  artifactKey: Guid(2780f5ca95300084c8ec97e93390afba) Importer(815301076,1909f56bfc062723c751e8b465ee728b)
Start importing Assets/Resources/UI/vibrationOff.png using Guid(2780f5ca95300084c8ec97e93390afba) Importer(815301076,1909f56bfc062723c751e8b465ee728b)  -> (artifact id: '8a2ea08b04869c9ba3a6a32d9a79a10f') in 0.006127 seconds
  Import took 0.007921 seconds .

========================================================================
Received Import Request.
  Time since last request: 0.000159 seconds.
  path: Assets/Resources/UI/vibrationOn.png
  artifactKey: Guid(d731cbb2a5f33d843a4c1afd9533ed39) Importer(815301076,1909f56bfc062723c751e8b465ee728b)
Start importing Assets/Resources/UI/vibrationOn.png using Guid(d731cbb2a5f33d843a4c1afd9533ed39) Importer(815301076,1909f56bfc062723c751e8b465ee728b)  -> (artifact id: 'b143abcc79f6b95d8db1ddd02a5d766f') in 0.005966 seconds
  Import took 0.008187 seconds .

========================================================================
Received Import Request.
  Time since last request: 0.000150 seconds.
  path: Assets/Resources/UI/settings.png
  artifactKey: Guid(3714e777f2cc3ec4bb2155768ea65a7c) Importer(815301076,1909f56bfc062723c751e8b465ee728b)
Start importing Assets/Resources/UI/settings.png using Guid(3714e777f2cc3ec4bb2155768ea65a7c) Importer(815301076,1909f56bfc062723c751e8b465ee728b)  -> (artifact id: '2cd17d77e8951bd1bc0ae5180861fb09') in 0.006459 seconds
  Import took 0.008660 seconds .

========================================================================
Received Import Request.
  Time since last request: 0.000161 seconds.
  path: Assets/Resources/UI/back.png
  artifactKey: Guid(5ecb16d5162bf5941ab8e7c5167daba0) Importer(815301076,1909f56bfc062723c751e8b465ee728b)
Start importing Assets/Resources/UI/back.png using Guid(5ecb16d5162bf5941ab8e7c5167daba0) Importer(815301076,1909f56bfc062723c751e8b465ee728b)  -> (artifact id: '12feba1981c9da59fe4a935b9474be92') in 0.006186 seconds
  Import took 0.007951 seconds .

========================================================================
Received Import Request.
  Time since last request: 0.000136 seconds.
  path: Assets/Resources/UI/soundOff.png
  artifactKey: Guid(179ec9586c788014f8d525a6c8787f8b) Importer(815301076,1909f56bfc062723c751e8b465ee728b)
Start importing Assets/Resources/UI/soundOff.png using Guid(179ec9586c788014f8d525a6c8787f8b) Importer(815301076,1909f56bfc062723c751e8b465ee728b)  -> (artifact id: '7e3d0d3f9cd3fde105aea34993cd07e7') in 0.006148 seconds
  Import took 0.007915 seconds .

========================================================================
Received Import Request.
  Time since last request: 0.000158 seconds.
  path: Assets/Resources/UI/avance.png
  artifactKey: Guid(df93ef0acbd0f0e499883e020fe10a83) Importer(815301076,1909f56bfc062723c751e8b465ee728b)
Start importing Assets/Resources/UI/avance.png using Guid(df93ef0acbd0f0e499883e020fe10a83) Importer(815301076,1909f56bfc062723c751e8b465ee728b)  -> (artifact id: '1ff391ee239c185f0f4796c6759fda58') in 0.005772 seconds
  Import took 0.007752 seconds .

========================================================================
Received Import Request.
  Time since last request: 1040.764200 seconds.
  path: Assets/Resources/UI/coin.png
  artifactKey: Guid(44bb91b64622a0e48a78ad721e0235e2) Importer(815301076,1909f56bfc062723c751e8b465ee728b)
Start importing Assets/Resources/UI/coin.png using Guid(44bb91b64622a0e48a78ad721e0235e2) Importer(815301076,1909f56bfc062723c751e8b465ee728b)  -> (artifact id: '9e8bea7a62ae1663886ab6d7eab40f08') in 0.013616 seconds
  Import took 0.015792 seconds .

========================================================================
Received Import Request.
  Time since last request: 4.478634 seconds.
  path: Assets/Resources/UI/coin.png
  artifactKey: Guid(44bb91b64622a0e48a78ad721e0235e2) Importer(815301076,1909f56bfc062723c751e8b465ee728b)
Start importing Assets/Resources/UI/coin.png using Guid(44bb91b64622a0e48a78ad721e0235e2) Importer(815301076,1909f56bfc062723c751e8b465ee728b)  -> (artifact id: '542a4a991c67cec8f417e87c216233fe') in 0.006492 seconds
  Import took 0.008474 seconds .

========================================================================
Received Import Request.
  Time since last request: 0.001925 seconds.
  path: Assets/Resources/UI/coin.png
  artifactKey: Guid(44bb91b64622a0e48a78ad721e0235e2) Importer(815301076,1909f56bfc062723c751e8b465ee728b)
Start importing Assets/Resources/UI/coin.png using Guid(44bb91b64622a0e48a78ad721e0235e2) Importer(815301076,1909f56bfc062723c751e8b465ee728b)  -> (artifact id: '542a4a991c67cec8f417e87c216233fe') in 0.006343 seconds
  Import took 0.008084 seconds .

========================================================================
Received Prepare
Registering precompiled user dll's ...
Registered in 0.001524 seconds.
Begin MonoManager ReloadAssembly
Native extension for WindowsStandalone target not found
Refreshing native plugins compatible for Editor in 0.37 ms, found 0 plugins.
Preloading 0 native plugins for Editor in 0.00 ms.
Invoked RoslynAnalysisRunner static constructor.
RoslynAnalysisRunner will not be running.
RoslynAnalysisRunner has terminated.
Mono: successfully reloaded assembly
- Completed reload, in  0.683 seconds
Platform modules already initialized, skipping
Switching build target platform(5) subTarget(0) extendedPlatform(0) -> platform(13) subTarget(589824) extendedPlatform(0)
Refreshing native plugins compatible for Editor in 0.26 ms, found 0 plugins.
Preloading 0 native plugins for Editor in 0.00 ms.
Unloading 1401 Unused Serialized files (Serialized files now loaded: 0)
System memory in use before: 68.6 MB.
System memory in use after: 68.7 MB.

Unloading 24 unused Assets to reduce memory usage. Loaded Objects now: 1897.
Total: 1.527900 ms (FindLiveObjects: 0.157400 ms CreateObjectMapping: 0.033900 ms MarkObjects: 1.315900 ms  DeleteObjects: 0.018600 ms)

AssetImportParameters requested are different than current active one (requested -> active):
  custom:graphics/normal-map-encoding: 01000000000000000000000000000000 -> 02000000000000000000000000000000
========================================================================
Received Import Request.
  Time since last request: 934.006419 seconds.
  path: Assets
  artifactKey: Guid(00000000000000001000000000000000) Importer(815301076,1909f56bfc062723c751e8b465ee728b)
Start importing Assets using Guid(00000000000000001000000000000000) Importer(815301076,1909f56bfc062723c751e8b465ee728b)  -> (artifact id: 'f47cf443bddc682ac2de11ea429897ce') in 0.003982 seconds
  Import took 0.005991 seconds .

========================================================================
Received Prepare
Registering precompiled user dll's ...
Registered in 0.001480 seconds.
Begin MonoManager ReloadAssembly
Native extension for WindowsStandalone target not found
Refreshing native plugins compatible for Editor in 0.36 ms, found 0 plugins.
Preloading 0 native plugins for Editor in 0.00 ms.
Invoked RoslynAnalysisRunner static constructor.
RoslynAnalysisRunner will not be running.
RoslynAnalysisRunner has terminated.
Mono: successfully reloaded assembly
- Completed reload, in  0.667 seconds
Platform modules already initialized, skipping
Switching build target platform(5) subTarget(0) extendedPlatform(0) -> platform(13) subTarget(589824) extendedPlatform(0)
Refreshing native plugins compatible for Editor in 0.32 ms, found 0 plugins.
Preloading 0 native plugins for Editor in 0.00 ms.
Unloading 1402 Unused Serialized files (Serialized files now loaded: 0)
System memory in use before: 68.6 MB.
System memory in use after: 68.8 MB.

Unloading 24 unused Assets to reduce memory usage. Loaded Objects now: 1900.
Total: 1.477000 ms (FindLiveObjects: 0.143000 ms CreateObjectMapping: 0.029100 ms MarkObjects: 1.282500 ms  DeleteObjects: 0.021400 ms)

AssetImportParameters requested are different than current active one (requested -> active):
  custom:graphics/normal-map-encoding: 01000000000000000000000000000000 -> 02000000000000000000000000000000
========================================================================
Received Import Request.
  Time since last request: 8.363798 seconds.
  path: Assets/NewBehaviourScript.cs
  artifactKey: Guid(b363957d0b6d0d6479fe6dc40dd6951d) Importer(815301076,1909f56bfc062723c751e8b465ee728b)
Start importing Assets/NewBehaviourScript.cs using Guid(b363957d0b6d0d6479fe6dc40dd6951d) Importer(815301076,1909f56bfc062723c751e8b465ee728b)  -> (artifact id: '0076d30dd5971aad3db0b8b2c59819eb') in 0.011515 seconds
  Import took 0.013343 seconds .

========================================================================
Received Prepare
Registering precompiled user dll's ...
Registered in 0.001438 seconds.
Begin MonoManager ReloadAssembly
Native extension for WindowsStandalone target not found
Refreshing native plugins compatible for Editor in 0.37 ms, found 0 plugins.
Preloading 0 native plugins for Editor in 0.00 ms.
Invoked RoslynAnalysisRunner static constructor.
RoslynAnalysisRunner will not be running.
RoslynAnalysisRunner has terminated.
Mono: successfully reloaded assembly
- Completed reload, in  0.675 seconds
Platform modules already initialized, skipping
Switching build target platform(5) subTarget(0) extendedPlatform(0) -> platform(13) subTarget(589824) extendedPlatform(0)
Refreshing native plugins compatible for Editor in 0.30 ms, found 0 plugins.
Preloading 0 native plugins for Editor in 0.00 ms.
Unloading 1401 Unused Serialized files (Serialized files now loaded: 0)
System memory in use before: 68.6 MB.
System memory in use after: 68.7 MB.

Unloading 24 unused Assets to reduce memory usage. Loaded Objects now: 1902.
Total: 1.440600 ms (FindLiveObjects: 0.137500 ms CreateObjectMapping: 0.033700 ms MarkObjects: 1.252900 ms  DeleteObjects: 0.015600 ms)

AssetImportParameters requested are different than current active one (requested -> active):
  custom:graphics/normal-map-encoding: 01000000000000000000000000000000 -> 02000000000000000000000000000000
========================================================================
Received Import Request.
  Time since last request: 8.943899 seconds.
  path: Assets/New Folder
  artifactKey: Guid(b8557b3ab4bed134bb8265a235e4c9a9) Importer(815301076,1909f56bfc062723c751e8b465ee728b)
Start importing Assets/New Folder using Guid(b8557b3ab4bed134bb8265a235e4c9a9) Importer(815301076,1909f56bfc062723c751e8b465ee728b)  -> (artifact id: 'f9594c6d0e6e17a7478584c9cb50f2f4') in 0.003642 seconds
  Import took 0.005638 seconds .

========================================================================
Received Import Request.
  Time since last request: 4.698625 seconds.
  path: Assets/Scripts
  artifactKey: Guid(b8557b3ab4bed134bb8265a235e4c9a9) Importer(815301076,1909f56bfc062723c751e8b465ee728b)
Start importing Assets/Scripts using Guid(b8557b3ab4bed134bb8265a235e4c9a9) Importer(815301076,1909f56bfc062723c751e8b465ee728b)  -> (artifact id: '0cff35a14ed56b02bd9dfef1d129b0e2') in 0.002035 seconds
  Import took 0.003858 seconds .

========================================================================
Received Import Request.
  Time since last request: 12.833619 seconds.
  path: Assets/Scripts/MenuController.cs
  artifactKey: Guid(62be48f75a8292645a259277b42db866) Importer(815301076,1909f56bfc062723c751e8b465ee728b)
Start importing Assets/Scripts/MenuController.cs using Guid(62be48f75a8292645a259277b42db866) Importer(815301076,1909f56bfc062723c751e8b465ee728b)  -> (artifact id: '98de92f71daceabf4a8dcd7e04aa2df9') in 0.002076 seconds
  Import took 0.003912 seconds .

========================================================================
Received Import Request.
  Time since last request: 0.000679 seconds.
  path: Assets/Scripts/MenuController.cs
  artifactKey: Guid(62be48f75a8292645a259277b42db866) Importer(815301076,1909f56bfc062723c751e8b465ee728b)
Start importing Assets/Scripts/MenuController.cs using Guid(62be48f75a8292645a259277b42db866) Importer(815301076,1909f56bfc062723c751e8b465ee728b)  -> (artifact id: '98de92f71daceabf4a8dcd7e04aa2df9') in 0.001580 seconds
  Import took 0.003511 seconds .

========================================================================
Received Prepare
Registering precompiled user dll's ...
Registered in 0.002153 seconds.
Begin MonoManager ReloadAssembly
Native extension for WindowsStandalone target not found
Refreshing native plugins compatible for Editor in 0.43 ms, found 0 plugins.
Preloading 0 native plugins for Editor in 0.00 ms.
Invoked RoslynAnalysisRunner static constructor.
RoslynAnalysisRunner will not be running.
RoslynAnalysisRunner has terminated.
Mono: successfully reloaded assembly
- Completed reload, in  0.778 seconds
Platform modules already initialized, skipping
Switching build target platform(5) subTarget(0) extendedPlatform(0) -> platform(13) subTarget(589824) extendedPlatform(0)
Refreshing native plugins compatible for Editor in 0.55 ms, found 0 plugins.
Preloading 0 native plugins for Editor in 0.00 ms.
Unloading 1402 Unused Serialized files (Serialized files now loaded: 0)
System memory in use before: 68.7 MB.
System memory in use after: 68.8 MB.

Unloading 24 unused Assets to reduce memory usage. Loaded Objects now: 1905.
Total: 1.922300 ms (FindLiveObjects: 0.268800 ms CreateObjectMapping: 0.043500 ms MarkObjects: 1.588500 ms  DeleteObjects: 0.020200 ms)

AssetImportParameters requested are different than current active one (requested -> active):
  custom:graphics/normal-map-encoding: 01000000000000000000000000000000 -> 02000000000000000000000000000000
========================================================================
Received Prepare
Registering precompiled user dll's ...
Registered in 0.001607 seconds.
Begin MonoManager ReloadAssembly
Native extension for WindowsStandalone target not found
Refreshing native plugins compatible for Editor in 0.38 ms, found 0 plugins.
Preloading 0 native plugins for Editor in 0.00 ms.
Invoked RoslynAnalysisRunner static constructor.
RoslynAnalysisRunner will not be running.
RoslynAnalysisRunner has terminated.
Mono: successfully reloaded assembly
- Completed reload, in  0.694 seconds
Platform modules already initialized, skipping
Switching build target platform(5) subTarget(0) extendedPlatform(0) -> platform(13) subTarget(589824) extendedPlatform(0)
Refreshing native plugins compatible for Editor in 0.36 ms, found 0 plugins.
Preloading 0 native plugins for Editor in 0.00 ms.
Unloading 1402 Unused Serialized files (Serialized files now loaded: 0)
System memory in use before: 68.7 MB.
System memory in use after: 68.8 MB.

Unloading 24 unused Assets to reduce memory usage. Loaded Objects now: 1907.
Total: 1.543000 ms (FindLiveObjects: 0.172600 ms CreateObjectMapping: 0.031800 ms MarkObjects: 1.316700 ms  DeleteObjects: 0.020600 ms)

AssetImportParameters requested are different than current active one (requested -> active):
  custom:graphics/normal-map-encoding: 01000000000000000000000000000000 -> 02000000000000000000000000000000
========================================================================
Received Import Request.
  Time since last request: 122.687664 seconds.
  path: Assets/Scripts/MenuController.cs
  artifactKey: Guid(62be48f75a8292645a259277b42db866) Importer(815301076,1909f56bfc062723c751e8b465ee728b)
Start importing Assets/Scripts/MenuController.cs using Guid(62be48f75a8292645a259277b42db866) Importer(815301076,1909f56bfc062723c751e8b465ee728b)  -> (artifact id: 'c69aa90b9f6f2fea291dab6929fb8f26') in 0.003320 seconds
  Import took 0.005139 seconds .

========================================================================
Received Prepare
Registering precompiled user dll's ...
Registered in 0.001454 seconds.
Begin MonoManager ReloadAssembly
Native extension for WindowsStandalone target not found
Refreshing native plugins compatible for Editor in 0.41 ms, found 0 plugins.
Preloading 0 native plugins for Editor in 0.00 ms.
Invoked RoslynAnalysisRunner static constructor.
RoslynAnalysisRunner will not be running.
RoslynAnalysisRunner has terminated.
Mono: successfully reloaded assembly
- Completed reload, in  0.711 seconds
Platform modules already initialized, skipping
Switching build target platform(5) subTarget(0) extendedPlatform(0) -> platform(13) subTarget(589824) extendedPlatform(0)
Refreshing native plugins compatible for Editor in 0.35 ms, found 0 plugins.
Preloading 0 native plugins for Editor in 0.00 ms.
Unloading 1402 Unused Serialized files (Serialized files now loaded: 0)
System memory in use before: 68.7 MB.
System memory in use after: 68.8 MB.

Unloading 24 unused Assets to reduce memory usage. Loaded Objects now: 1909.
Total: 1.512700 ms (FindLiveObjects: 0.169100 ms CreateObjectMapping: 0.028800 ms MarkObjects: 1.294200 ms  DeleteObjects: 0.019800 ms)

AssetImportParameters requested are different than current active one (requested -> active):
  custom:graphics/normal-map-encoding: 01000000000000000000000000000000 -> 02000000000000000000000000000000
========================================================================
Received Prepare
Registering precompiled user dll's ...
Registered in 0.001460 seconds.
Begin MonoManager ReloadAssembly
Native extension for WindowsStandalone target not found
Refreshing native plugins compatible for Editor in 0.37 ms, found 0 plugins.
Preloading 0 native plugins for Editor in 0.00 ms.
Invoked RoslynAnalysisRunner static constructor.
RoslynAnalysisRunner will not be running.
RoslynAnalysisRunner has terminated.
Mono: successfully reloaded assembly
- Completed reload, in  0.704 seconds
Platform modules already initialized, skipping
Switching build target platform(5) subTarget(0) extendedPlatform(0) -> platform(13) subTarget(589824) extendedPlatform(0)
Refreshing native plugins compatible for Editor in 0.33 ms, found 0 plugins.
Preloading 0 native plugins for Editor in 0.00 ms.
Unloading 1402 Unused Serialized files (Serialized files now loaded: 0)
System memory in use before: 68.7 MB.
System memory in use after: 68.8 MB.

Unloading 24 unused Assets to reduce memory usage. Loaded Objects now: 1911.
Total: 1.602300 ms (FindLiveObjects: 0.153400 ms CreateObjectMapping: 0.030700 ms MarkObjects: 1.404600 ms  DeleteObjects: 0.012900 ms)

AssetImportParameters requested are different than current active one (requested -> active):
  custom:graphics/normal-map-encoding: 01000000000000000000000000000000 -> 02000000000000000000000000000000
========================================================================
Received Prepare
Registering precompiled user dll's ...
Registered in 0.001479 seconds.
Begin MonoManager ReloadAssembly
Native extension for WindowsStandalone target not found
Refreshing native plugins compatible for Editor in 0.38 ms, found 0 plugins.
Preloading 0 native plugins for Editor in 0.00 ms.
Invoked RoslynAnalysisRunner static constructor.
RoslynAnalysisRunner will not be running.
RoslynAnalysisRunner has terminated.
Mono: successfully reloaded assembly
- Completed reload, in  0.708 seconds
Platform modules already initialized, skipping
Switching build target platform(5) subTarget(0) extendedPlatform(0) -> platform(13) subTarget(589824) extendedPlatform(0)
Refreshing native plugins compatible for Editor in 0.33 ms, found 0 plugins.
Preloading 0 native plugins for Editor in 0.00 ms.
Unloading 1402 Unused Serialized files (Serialized files now loaded: 0)
System memory in use before: 68.7 MB.
System memory in use after: 68.8 MB.

Unloading 24 unused Assets to reduce memory usage. Loaded Objects now: 1913.
Total: 1.507500 ms (FindLiveObjects: 0.158300 ms CreateObjectMapping: 0.033800 ms MarkObjects: 1.294100 ms  DeleteObjects: 0.020500 ms)

AssetImportParameters requested are different than current active one (requested -> active):
  custom:graphics/normal-map-encoding: 01000000000000000000000000000000 -> 02000000000000000000000000000000
========================================================================
Received Prepare
Registering precompiled user dll's ...
Registered in 0.001540 seconds.
Begin MonoManager ReloadAssembly
Native extension for WindowsStandalone target not found
Refreshing native plugins compatible for Editor in 0.37 ms, found 0 plugins.
Preloading 0 native plugins for Editor in 0.00 ms.
Invoked RoslynAnalysisRunner static constructor.
RoslynAnalysisRunner will not be running.
RoslynAnalysisRunner has terminated.
Mono: successfully reloaded assembly
- Completed reload, in  0.713 seconds
Platform modules already initialized, skipping
Switching build target platform(5) subTarget(0) extendedPlatform(0) -> platform(13) subTarget(589824) extendedPlatform(0)
Refreshing native plugins compatible for Editor in 0.29 ms, found 0 plugins.
Preloading 0 native plugins for Editor in 0.00 ms.
Unloading 1402 Unused Serialized files (Serialized files now loaded: 0)
System memory in use before: 68.7 MB.
System memory in use after: 68.8 MB.

Unloading 24 unused Assets to reduce memory usage. Loaded Objects now: 1915.
Total: 1.469100 ms (FindLiveObjects: 0.145700 ms CreateObjectMapping: 0.032900 ms MarkObjects: 1.271500 ms  DeleteObjects: 0.018300 ms)

AssetImportParameters requested are different than current active one (requested -> active):
  custom:graphics/normal-map-encoding: 01000000000000000000000000000000 -> 02000000000000000000000000000000
========================================================================
Received Prepare
Registering precompiled user dll's ...
Registered in 0.001490 seconds.
Begin MonoManager ReloadAssembly
Native extension for WindowsStandalone target not found
Refreshing native plugins compatible for Editor in 0.37 ms, found 0 plugins.
Preloading 0 native plugins for Editor in 0.00 ms.
Invoked RoslynAnalysisRunner static constructor.
RoslynAnalysisRunner will not be running.
RoslynAnalysisRunner has terminated.
Mono: successfully reloaded assembly
- Completed reload, in  0.705 seconds
Platform modules already initialized, skipping
Switching build target platform(5) subTarget(0) extendedPlatform(0) -> platform(13) subTarget(589824) extendedPlatform(0)
Refreshing native plugins compatible for Editor in 0.36 ms, found 0 plugins.
Preloading 0 native plugins for Editor in 0.00 ms.
Unloading 1402 Unused Serialized files (Serialized files now loaded: 0)
System memory in use before: 68.7 MB.
System memory in use after: 68.8 MB.

Unloading 24 unused Assets to reduce memory usage. Loaded Objects now: 1917.
Total: 1.496700 ms (FindLiveObjects: 0.167100 ms CreateObjectMapping: 0.029900 ms MarkObjects: 1.279500 ms  DeleteObjects: 0.019400 ms)

AssetImportParameters requested are different than current active one (requested -> active):
  custom:graphics/normal-map-encoding: 01000000000000000000000000000000 -> 02000000000000000000000000000000
========================================================================
Received Import Request.
  Time since last request: 194.523216 seconds.
  path: Assets/Scripts/Controllers
  artifactKey: Guid(aa6d7b6647acdc04589e31108f29ca7c) Importer(815301076,1909f56bfc062723c751e8b465ee728b)
Start importing Assets/Scripts/Controllers using Guid(aa6d7b6647acdc04589e31108f29ca7c) Importer(815301076,1909f56bfc062723c751e8b465ee728b)  -> (artifact id: 'e7505678b2e9ac048fa6d2981a1c92d4') in 0.003589 seconds
  Import took 0.005488 seconds .

========================================================================
Received Prepare
Registering precompiled user dll's ...
Registered in 0.001355 seconds.
Begin MonoManager ReloadAssembly
Native extension for WindowsStandalone target not found
Refreshing native plugins compatible for Editor in 0.36 ms, found 0 plugins.
Preloading 0 native plugins for Editor in 0.00 ms.
Invoked RoslynAnalysisRunner static constructor.
RoslynAnalysisRunner will not be running.
RoslynAnalysisRunner has terminated.
Mono: successfully reloaded assembly
- Completed reload, in  0.705 seconds
Platform modules already initialized, skipping
Switching build target platform(5) subTarget(0) extendedPlatform(0) -> platform(13) subTarget(589824) extendedPlatform(0)
Refreshing native plugins compatible for Editor in 0.29 ms, found 0 plugins.
Preloading 0 native plugins for Editor in 0.00 ms.
Unloading 1402 Unused Serialized files (Serialized files now loaded: 0)
System memory in use before: 68.7 MB.
System memory in use after: 68.8 MB.

Unloading 24 unused Assets to reduce memory usage. Loaded Objects now: 1919.
Total: 1.662500 ms (FindLiveObjects: 0.144500 ms CreateObjectMapping: 0.033200 ms MarkObjects: 1.465200 ms  DeleteObjects: 0.018800 ms)

AssetImportParameters requested are different than current active one (requested -> active):
  custom:graphics/normal-map-encoding: 01000000000000000000000000000000 -> 02000000000000000000000000000000
========================================================================
Received Prepare
Registering precompiled user dll's ...
Registered in 0.001487 seconds.
Begin MonoManager ReloadAssembly
Native extension for WindowsStandalone target not found
Refreshing native plugins compatible for Editor in 0.36 ms, found 0 plugins.
Preloading 0 native plugins for Editor in 0.00 ms.
Invoked RoslynAnalysisRunner static constructor.
RoslynAnalysisRunner will not be running.
RoslynAnalysisRunner has terminated.
Mono: successfully reloaded assembly
- Completed reload, in  0.724 seconds
Platform modules already initialized, skipping
Switching build target platform(5) subTarget(0) extendedPlatform(0) -> platform(13) subTarget(589824) extendedPlatform(0)
Refreshing native plugins compatible for Editor in 0.37 ms, found 0 plugins.
Preloading 0 native plugins for Editor in 0.00 ms.
Unloading 1402 Unused Serialized files (Serialized files now loaded: 0)
System memory in use before: 68.7 MB.
System memory in use after: 68.8 MB.

Unloading 24 unused Assets to reduce memory usage. Loaded Objects now: 1921.
Total: 1.507000 ms (FindLiveObjects: 0.159700 ms CreateObjectMapping: 0.029000 ms MarkObjects: 1.297100 ms  DeleteObjects: 0.020300 ms)

AssetImportParameters requested are different than current active one (requested -> active):
  custom:graphics/normal-map-encoding: 01000000000000000000000000000000 -> 02000000000000000000000000000000
========================================================================
Received Prepare
Registering precompiled user dll's ...
Registered in 0.001505 seconds.
Begin MonoManager ReloadAssembly
Native extension for WindowsStandalone target not found
Refreshing native plugins compatible for Editor in 0.36 ms, found 0 plugins.
Preloading 0 native plugins for Editor in 0.00 ms.
Invoked RoslynAnalysisRunner static constructor.
RoslynAnalysisRunner will not be running.
RoslynAnalysisRunner has terminated.
Mono: successfully reloaded assembly
- Completed reload, in  0.731 seconds
Platform modules already initialized, skipping
Switching build target platform(5) subTarget(0) extendedPlatform(0) -> platform(13) subTarget(589824) extendedPlatform(0)
Refreshing native plugins compatible for Editor in 0.30 ms, found 0 plugins.
Preloading 0 native plugins for Editor in 0.00 ms.
Unloading 1402 Unused Serialized files (Serialized files now loaded: 0)
System memory in use before: 68.7 MB.
System memory in use after: 68.8 MB.

Unloading 24 unused Assets to reduce memory usage. Loaded Objects now: 1923.
Total: 1.466200 ms (FindLiveObjects: 0.145200 ms CreateObjectMapping: 0.031200 ms MarkObjects: 1.270500 ms  DeleteObjects: 0.018500 ms)

AssetImportParameters requested are different than current active one (requested -> active):
  custom:graphics/normal-map-encoding: 01000000000000000000000000000000 -> 02000000000000000000000000000000
========================================================================
Received Prepare
Registering precompiled user dll's ...
Registered in 0.001431 seconds.
Begin MonoManager ReloadAssembly
Native extension for WindowsStandalone target not found
Refreshing native plugins compatible for Editor in 0.36 ms, found 0 plugins.
Preloading 0 native plugins for Editor in 0.00 ms.
Invoked RoslynAnalysisRunner static constructor.
RoslynAnalysisRunner will not be running.
RoslynAnalysisRunner has terminated.
Mono: successfully reloaded assembly
- Completed reload, in  0.722 seconds
Platform modules already initialized, skipping
Switching build target platform(5) subTarget(0) extendedPlatform(0) -> platform(13) subTarget(589824) extendedPlatform(0)
Refreshing native plugins compatible for Editor in 0.32 ms, found 0 plugins.
Preloading 0 native plugins for Editor in 0.00 ms.
Unloading 1402 Unused Serialized files (Serialized files now loaded: 0)
System memory in use before: 68.7 MB.
System memory in use after: 68.8 MB.

Unloading 24 unused Assets to reduce memory usage. Loaded Objects now: 1925.
Total: 1.512000 ms (FindLiveObjects: 0.167200 ms CreateObjectMapping: 0.033200 ms MarkObjects: 1.291800 ms  DeleteObjects: 0.018600 ms)

AssetImportParameters requested are different than current active one (requested -> active):
  custom:graphics/normal-map-encoding: 01000000000000000000000000000000 -> 02000000000000000000000000000000
========================================================================
Received Import Request.
  Time since last request: 588.238792 seconds.
  path: Assets/Scenes/Game.unity
  artifactKey: Guid(3c72a8dceeabe60468824da7301abaf4) Importer(815301076,1909f56bfc062723c751e8b465ee728b)
Start importing Assets/Scenes/Game.unity using Guid(3c72a8dceeabe60468824da7301abaf4) Importer(815301076,1909f56bfc062723c751e8b465ee728b)  -> (artifact id: '4948cac99f1a0eaff16a1a51d2e4d8f3') in 0.009822 seconds
  Import took 0.011803 seconds .

========================================================================
Received Import Request.
  Time since last request: 9.701613 seconds.
  path: Assets/Scenes/Menu.unity
  artifactKey: Guid(5a48d5d3f3875cb448f53f055425d311) Importer(815301076,1909f56bfc062723c751e8b465ee728b)
Start importing Assets/Scenes/Menu.unity using Guid(5a48d5d3f3875cb448f53f055425d311) Importer(815301076,1909f56bfc062723c751e8b465ee728b)  -> (artifact id: '587237f7397d39c5c3281c1b5658bb51') in 0.001958 seconds
  Import took 0.003815 seconds .

========================================================================
Received Prepare
Registering precompiled user dll's ...
Registered in 0.001486 seconds.
Begin MonoManager ReloadAssembly
Native extension for WindowsStandalone target not found
Refreshing native plugins compatible for Editor in 0.37 ms, found 0 plugins.
Preloading 0 native plugins for Editor in 0.00 ms.
Invoked RoslynAnalysisRunner static constructor.
RoslynAnalysisRunner will not be running.
RoslynAnalysisRunner has terminated.
Mono: successfully reloaded assembly
- Completed reload, in  0.732 seconds
Platform modules already initialized, skipping
Switching build target platform(5) subTarget(0) extendedPlatform(0) -> platform(13) subTarget(589824) extendedPlatform(0)
Refreshing native plugins compatible for Editor in 0.34 ms, found 0 plugins.
Preloading 0 native plugins for Editor in 0.00 ms.
Unloading 1402 Unused Serialized files (Serialized files now loaded: 0)
System memory in use before: 68.8 MB.
System memory in use after: 68.9 MB.

Unloading 24 unused Assets to reduce memory usage. Loaded Objects now: 1927.
Total: 1.529200 ms (FindLiveObjects: 0.159100 ms CreateObjectMapping: 0.030800 ms MarkObjects: 1.320000 ms  DeleteObjects: 0.018000 ms)

AssetImportParameters requested are different than current active one (requested -> active):
  custom:graphics/normal-map-encoding: 01000000000000000000000000000000 -> 02000000000000000000000000000000
========================================================================
Received Prepare
Registering precompiled user dll's ...
Registered in 0.001466 seconds.
Begin MonoManager ReloadAssembly
Native extension for WindowsStandalone target not found
Refreshing native plugins compatible for Editor in 0.37 ms, found 0 plugins.
Preloading 0 native plugins for Editor in 0.00 ms.
Invoked RoslynAnalysisRunner static constructor.
RoslynAnalysisRunner will not be running.
RoslynAnalysisRunner has terminated.
Mono: successfully reloaded assembly
- Completed reload, in  0.775 seconds
Platform modules already initialized, skipping
Switching build target platform(5) subTarget(0) extendedPlatform(0) -> platform(13) subTarget(589824) extendedPlatform(0)
Refreshing native plugins compatible for Editor in 0.40 ms, found 0 plugins.
Preloading 0 native plugins for Editor in 0.00 ms.
Unloading 1402 Unused Serialized files (Serialized files now loaded: 0)
System memory in use before: 68.8 MB.
System memory in use after: 68.9 MB.

Unloading 24 unused Assets to reduce memory usage. Loaded Objects now: 1929.
Total: 1.741900 ms (FindLiveObjects: 0.195100 ms CreateObjectMapping: 0.038600 ms MarkObjects: 1.489900 ms  DeleteObjects: 0.017100 ms)

AssetImportParameters requested are different than current active one (requested -> active):
  custom:graphics/normal-map-encoding: 01000000000000000000000000000000 -> 02000000000000000000000000000000
========================================================================
Received Prepare
Registering precompiled user dll's ...
Registered in 0.001582 seconds.
Begin MonoManager ReloadAssembly
Native extension for WindowsStandalone target not found
Refreshing native plugins compatible for Editor in 0.37 ms, found 0 plugins.
Preloading 0 native plugins for Editor in 0.00 ms.
Invoked RoslynAnalysisRunner static constructor.
RoslynAnalysisRunner will not be running.
RoslynAnalysisRunner has terminated.
Mono: successfully reloaded assembly
- Completed reload, in  0.753 seconds
Platform modules already initialized, skipping
Switching build target platform(5) subTarget(0) extendedPlatform(0) -> platform(13) subTarget(589824) extendedPlatform(0)
Refreshing native plugins compatible for Editor in 0.30 ms, found 0 plugins.
Preloading 0 native plugins for Editor in 0.00 ms.
Unloading 1402 Unused Serialized files (Serialized files now loaded: 0)
System memory in use before: 68.8 MB.
System memory in use after: 68.9 MB.

Unloading 24 unused Assets to reduce memory usage. Loaded Objects now: 1931.
Total: 1.488200 ms (FindLiveObjects: 0.153800 ms CreateObjectMapping: 0.032400 ms MarkObjects: 1.283100 ms  DeleteObjects: 0.017900 ms)

AssetImportParameters requested are different than current active one (requested -> active):
  custom:graphics/normal-map-encoding: 01000000000000000000000000000000 -> 02000000000000000000000000000000
========================================================================
Received Import Request.
  Time since last request: 1593.229709 seconds.
  path: Assets/Resources/UI/button.png
  artifactKey: Guid(709b379ca9f00524688c47edb611ad8b) Importer(815301076,1909f56bfc062723c751e8b465ee728b)
Start importing Assets/Resources/UI/button.png using Guid(709b379ca9f00524688c47edb611ad8b) Importer(815301076,1909f56bfc062723c751e8b465ee728b)  -> (artifact id: '04a4942e16ddac76c9b2020a8120d2bc') in 0.033869 seconds
  Import took 0.035933 seconds .

========================================================================
Received Import Request.
  Time since last request: 22.669340 seconds.
  path: Assets/Resources/UI/button.png
  artifactKey: Guid(709b379ca9f00524688c47edb611ad8b) Importer(815301076,1909f56bfc062723c751e8b465ee728b)
Start importing Assets/Resources/UI/button.png using Guid(709b379ca9f00524688c47edb611ad8b) Importer(815301076,1909f56bfc062723c751e8b465ee728b)  -> (artifact id: 'e8fa8d696084a95e4479518665a469bd') in 0.017575 seconds
  Import took 0.019650 seconds .

========================================================================
Received Import Request.
  Time since last request: 73.030505 seconds.
  path: Assets/Resources/UI/button.png
  artifactKey: Guid(709b379ca9f00524688c47edb611ad8b) Importer(815301076,1909f56bfc062723c751e8b465ee728b)
Start importing Assets/Resources/UI/button.png using Guid(709b379ca9f00524688c47edb611ad8b) Importer(815301076,1909f56bfc062723c751e8b465ee728b)  -> (artifact id: '6e4e18f0f672eb8a4e993fa4a7c08630') in 0.004666 seconds
  Import took 0.006705 seconds .

========================================================================
Received Import Request.
  Time since last request: 3.575148 seconds.
  path: Assets/Resources/UI/button.png
  artifactKey: Guid(709b379ca9f00524688c47edb611ad8b) Importer(815301076,1909f56bfc062723c751e8b465ee728b)
Start importing Assets/Resources/UI/button.png using Guid(709b379ca9f00524688c47edb611ad8b) Importer(815301076,1909f56bfc062723c751e8b465ee728b)  -> (artifact id: 'c363a5bfb37807056f38e03ca897dfea') in 0.005392 seconds
  Import took 0.007480 seconds .

========================================================================
Received Import Request.
  Time since last request: 0.004955 seconds.
  path: Assets/Resources/UI/button.png
  artifactKey: Guid(709b379ca9f00524688c47edb611ad8b) Importer(815301076,1909f56bfc062723c751e8b465ee728b)
Start importing Assets/Resources/UI/button.png using Guid(709b379ca9f00524688c47edb611ad8b) Importer(815301076,1909f56bfc062723c751e8b465ee728b)  -> (artifact id: 'c363a5bfb37807056f38e03ca897dfea') in 0.005112 seconds
  Import took 0.007100 seconds .

========================================================================
Received Prepare
Registering precompiled user dll's ...
Registered in 0.001523 seconds.
Begin MonoManager ReloadAssembly
Native extension for WindowsStandalone target not found
Refreshing native plugins compatible for Editor in 0.36 ms, found 0 plugins.
Preloading 0 native plugins for Editor in 0.00 ms.
Invoked RoslynAnalysisRunner static constructor.
RoslynAnalysisRunner will not be running.
RoslynAnalysisRunner has terminated.
Mono: successfully reloaded assembly
- Completed reload, in  0.746 seconds
Platform modules already initialized, skipping
Switching build target platform(5) subTarget(0) extendedPlatform(0) -> platform(13) subTarget(589824) extendedPlatform(0)
Refreshing native plugins compatible for Editor in 0.35 ms, found 0 plugins.
Preloading 0 native plugins for Editor in 0.00 ms.
Unloading 1402 Unused Serialized files (Serialized files now loaded: 0)
System memory in use before: 68.8 MB.
System memory in use after: 68.9 MB.

Unloading 24 unused Assets to reduce memory usage. Loaded Objects now: 1934.
Total: 1.399600 ms (FindLiveObjects: 0.145600 ms CreateObjectMapping: 0.028700 ms MarkObjects: 1.211500 ms  DeleteObjects: 0.013100 ms)

AssetImportParameters requested are different than current active one (requested -> active):
  custom:graphics/normal-map-encoding: 01000000000000000000000000000000 -> 02000000000000000000000000000000
AssetImportWorkerClient::OnTransportError - code=2 error=End of file
